<?xml version="1.0" encoding="utf-8"?><testsuites name="pytest tests"><testsuite name="pytest" errors="0" failures="4" skipped="0" tests="14" time="13.372" timestamp="2026-02-21T16:53:03.496946+00:00" hostname="agent-env-0e386850-a80c-4730-be0a-6255ddaea7c4"><testcase classname="backend.tests.test_stripe_webhook.TestSubscriptionPlansEndpoint" name="test_get_subscription_plans" time="0.303" /><testcase classname="backend.tests.test_stripe_webhook.TestAuthAndUserProfile" name="test_signup_new_user" time="0.435" /><testcase classname="backend.tests.test_stripe_webhook.TestAuthAndUserProfile" name="test_get_me_unauthenticated" time="0.175" /><testcase classname="backend.tests.test_stripe_webhook.TestAuthAndUserProfile" name="test_get_me_authenticated" time="0.549" /><testcase classname="backend.tests.test_stripe_webhook.TestStripeWebhookEndpoint" name="test_webhook_returns_200_for_valid_json" time="0.148" /><testcase classname="backend.tests.test_stripe_webhook.TestStripeWebhookEndpoint" name="test_webhook_checkout_session_completed" time="1.750" /><testcase classname="backend.tests.test_stripe_webhook.TestStripeWebhookEndpoint" name="test_webhook_checkout_unpaid_does_not_grant_premium" time="1.138" /><testcase classname="backend.tests.test_stripe_webhook.TestSubscriptionUpdatedWebhook" name="test_subscription_updated_to_canceled_status" time="2.714"><failure message="AssertionError: User should still be premium during cancellation period&#10;assert False == True&#10; +  where False = &lt;built-in method get of dict object at 0xfbf2fc249740&gt;('is_premium')&#10; +    where &lt;built-in method get of dict object at 0xfbf2fc249740&gt; = {'created_at': '2026-02-21T16:53:08.173000', 'email': 'sub_update_d78f7a26@example.com', 'email_verified': False, 'entitlements': ['basic_route_weather', 'limited_alerts'], ...}.get">backend/tests/test_stripe_webhook.py:364: in test_subscription_updated_to_canceled_status
    assert user_data.get("is_premium") == True, "User should still be premium during cancellation period"
E   AssertionError: User should still be premium during cancellation period
E   assert False == True
E    +  where False = &lt;built-in method get of dict object at 0xfbf2fc249740&gt;('is_premium')
E    +    where &lt;built-in method get of dict object at 0xfbf2fc249740&gt; = {'created_at': '2026-02-21T16:53:08.173000', 'email': 'sub_update_d78f7a26@example.com', 'email_verified': False, 'entitlements': ['basic_route_weather', 'limited_alerts'], ...}.get</failure></testcase><testcase classname="backend.tests.test_stripe_webhook.TestSubscriptionUpdatedWebhook" name="test_subscription_updated_past_due" time="1.210"><failure message="AssertionError: User should keep premium during past_due grace period&#10;assert False == True&#10; +  where False = &lt;built-in method get of dict object at 0xfbf2fbfc4600&gt;('is_premium')&#10; +    where &lt;built-in method get of dict object at 0xfbf2fbfc4600&gt; = {'created_at': '2026-02-21T16:53:08.173000', 'email': 'sub_update_d78f7a26@example.com', 'email_verified': False, 'entitlements': ['basic_route_weather', 'limited_alerts'], ...}.get">backend/tests/test_stripe_webhook.py:398: in test_subscription_updated_past_due
    assert user_data.get("is_premium") == True, "User should keep premium during past_due grace period"
E   AssertionError: User should keep premium during past_due grace period
E   assert False == True
E    +  where False = &lt;built-in method get of dict object at 0xfbf2fbfc4600&gt;('is_premium')
E    +    where &lt;built-in method get of dict object at 0xfbf2fbfc4600&gt; = {'created_at': '2026-02-21T16:53:08.173000', 'email': 'sub_update_d78f7a26@example.com', 'email_verified': False, 'entitlements': ['basic_route_weather', 'limited_alerts'], ...}.get</failure></testcase><testcase classname="backend.tests.test_stripe_webhook.TestSubscriptionDeletedWebhook" name="test_subscription_deleted_revokes_premium" time="2.835"><failure message="AssertionError: Plan should be 'free'. Got: monthly&#10;assert 'monthly' == 'free'&#10;  &#10;  - free&#10;  + monthly">backend/tests/test_stripe_webhook.py:481: in test_subscription_deleted_revokes_premium
    assert user_data.get("subscription_plan") == "free", f"Plan should be 'free'. Got: {user_data.get('subscription_plan')}"
E   AssertionError: Plan should be 'free'. Got: monthly
E   assert 'monthly' == 'free'
E     
E     - free
E     + monthly</failure></testcase><testcase classname="backend.tests.test_stripe_webhook.TestYearlySubscription" name="test_yearly_plan_checkout_completed" time="1.649"><failure message="AssertionError: User should be premium&#10;assert False == True&#10; +  where False = &lt;built-in method get of dict object at 0xfbf2fbfe0b40&gt;('is_premium')&#10; +    where &lt;built-in method get of dict object at 0xfbf2fbfe0b40&gt; = {'created_at': '2026-02-21T16:53:14.971000', 'email': 'yearly_test_9c99c2b9@example.com', 'email_verified': False, 'entitlements': ['basic_route_weather', 'limited_alerts'], ...}.get">backend/tests/test_stripe_webhook.py:538: in test_yearly_plan_checkout_completed
    assert user_data.get("is_premium") == True, "User should be premium"
E   AssertionError: User should be premium
E   assert False == True
E    +  where False = &lt;built-in method get of dict object at 0xfbf2fbfe0b40&gt;('is_premium')
E    +    where &lt;built-in method get of dict object at 0xfbf2fbfe0b40&gt; = {'created_at': '2026-02-21T16:53:14.971000', 'email': 'yearly_test_9c99c2b9@example.com', 'email_verified': False, 'entitlements': ['basic_route_weather', 'limited_alerts'], ...}.get</failure></testcase><testcase classname="backend.tests.test_stripe_webhook.TestHealthAndEdgeCases" name="test_health_endpoint" time="0.112" /><testcase classname="backend.tests.test_stripe_webhook.TestHealthAndEdgeCases" name="test_webhook_invalid_json" time="0.112" /><testcase classname="backend.tests.test_stripe_webhook.TestHealthAndEdgeCases" name="test_webhook_no_matching_user" time="0.119" /></testsuite></testsuites>